[2020-12-05T15:06:59.612] [ERROR] customer - TypeError: Cannot destructure property 'email' of 'req.body.email' as it is undefined.
    at C:\Users\pavan\Desktop\stuffs\Shoppy\server\node_server\Api\Customer\Customer.api.js:21:13
    at Layer.handle [as handle_request] (C:\Users\pavan\Desktop\stuffs\Shoppy\server\node_server\node_modules\express\lib\router\layer.js:95:5)
    at next (C:\Users\pavan\Desktop\stuffs\Shoppy\server\node_server\node_modules\express\lib\router\route.js:137:13)
    at Route.dispatch (C:\Users\pavan\Desktop\stuffs\Shoppy\server\node_server\node_modules\express\lib\router\route.js:112:3)
    at Layer.handle [as handle_request] (C:\Users\pavan\Desktop\stuffs\Shoppy\server\node_server\node_modules\express\lib\router\layer.js:95:5)
    at C:\Users\pavan\Desktop\stuffs\Shoppy\server\node_server\node_modules\express\lib\router\index.js:281:22
    at Function.process_params (C:\Users\pavan\Desktop\stuffs\Shoppy\server\node_server\node_modules\express\lib\router\index.js:335:12)
    at next (C:\Users\pavan\Desktop\stuffs\Shoppy\server\node_server\node_modules\express\lib\router\index.js:275:10)
    at Function.handle (C:\Users\pavan\Desktop\stuffs\Shoppy\server\node_server\node_modules\express\lib\router\index.js:174:3)
    at router (C:\Users\pavan\Desktop\stuffs\Shoppy\server\node_server\node_modules\express\lib\router\index.js:47:12)
[2020-12-05T15:08:38.864] [ERROR] customer - TypeError: Cannot destructure property 'email' of 'req.body.email' as it is undefined.
    at C:\Users\pavan\Desktop\stuffs\Shoppy\server\node_server\Api\Customer\Customer.api.js:21:13
    at Layer.handle [as handle_request] (C:\Users\pavan\Desktop\stuffs\Shoppy\server\node_server\node_modules\express\lib\router\layer.js:95:5)
    at next (C:\Users\pavan\Desktop\stuffs\Shoppy\server\node_server\node_modules\express\lib\router\route.js:137:13)
    at Route.dispatch (C:\Users\pavan\Desktop\stuffs\Shoppy\server\node_server\node_modules\express\lib\router\route.js:112:3)
    at Layer.handle [as handle_request] (C:\Users\pavan\Desktop\stuffs\Shoppy\server\node_server\node_modules\express\lib\router\layer.js:95:5)
    at C:\Users\pavan\Desktop\stuffs\Shoppy\server\node_server\node_modules\express\lib\router\index.js:281:22
    at Function.process_params (C:\Users\pavan\Desktop\stuffs\Shoppy\server\node_server\node_modules\express\lib\router\index.js:335:12)
    at next (C:\Users\pavan\Desktop\stuffs\Shoppy\server\node_server\node_modules\express\lib\router\index.js:275:10)
    at Function.handle (C:\Users\pavan\Desktop\stuffs\Shoppy\server\node_server\node_modules\express\lib\router\index.js:174:3)
    at router (C:\Users\pavan\Desktop\stuffs\Shoppy\server\node_server\node_modules\express\lib\router\index.js:47:12)
[2020-12-05T16:17:08.722] [ERROR] customer - TypeError: Cannot read property 'Customer_ID' of undefined
    at C:\Users\pavan\Desktop\stuffs\Shoppy\server\node_server\Api\Customer\Customer.api.js:28:24
    at processTicksAndRejections (internal/process/task_queues.js:97:5)
[2020-12-05T16:40:36.281] [ERROR] customer - TypeError: Cannot read property 'Customer_ID' of undefined
    at C:\Users\pavan\Desktop\stuffs\Shoppy\server\node_server\Api\Customer\Customer.api.js:28:24
    at processTicksAndRejections (internal/process/task_queues.js:97:5)
[2020-12-05T16:40:38.330] [ERROR] customer - TypeError: Cannot read property 'Customer_ID' of undefined
    at C:\Users\pavan\Desktop\stuffs\Shoppy\server\node_server\Api\Customer\Customer.api.js:28:24
    at processTicksAndRejections (internal/process/task_queues.js:97:5)
[2020-12-05T17:18:30.508] [ERROR] customer - Error: ER_PARSE_ERROR: You have an error in your SQL syntax; check the manual that corresponds to your MySQL server version for the right syntax to use near 'SELECT Customer_ID FROM customer WHERE Email= "undefined"' at line 6
    at Query.Sequence._packetToError (C:\Users\pavan\Desktop\stuffs\Shoppy\server\node_server\node_modules\mysql\lib\protocol\sequences\Sequence.js:47:14)
    at Query.ErrorPacket (C:\Users\pavan\Desktop\stuffs\Shoppy\server\node_server\node_modules\mysql\lib\protocol\sequences\Query.js:79:18)
    at Protocol._parsePacket (C:\Users\pavan\Desktop\stuffs\Shoppy\server\node_server\node_modules\mysql\lib\protocol\Protocol.js:291:23)
    at Parser._parsePacket (C:\Users\pavan\Desktop\stuffs\Shoppy\server\node_server\node_modules\mysql\lib\protocol\Parser.js:433:10)
    at Parser.write (C:\Users\pavan\Desktop\stuffs\Shoppy\server\node_server\node_modules\mysql\lib\protocol\Parser.js:43:10)
    at Protocol.write (C:\Users\pavan\Desktop\stuffs\Shoppy\server\node_server\node_modules\mysql\lib\protocol\Protocol.js:38:16)
    at Socket.<anonymous> (C:\Users\pavan\Desktop\stuffs\Shoppy\server\node_server\node_modules\mysql\lib\Connection.js:88:28)
    at Socket.<anonymous> (C:\Users\pavan\Desktop\stuffs\Shoppy\server\node_server\node_modules\mysql\lib\Connection.js:526:10)
    at Socket.emit (events.js:315:20)
    at addChunk (_stream_readable.js:295:12)
    --------------------
    at Protocol._enqueue (C:\Users\pavan\Desktop\stuffs\Shoppy\server\node_server\node_modules\mysql\lib\protocol\Protocol.js:144:48)
    at Connection.query (C:\Users\pavan\Desktop\stuffs\Shoppy\server\node_server\node_modules\mysql\lib\Connection.js:198:25)
    at C:\Users\pavan\Desktop\stuffs\Shoppy\server\node_server\database\queryInstance.js:6:21
    at new Promise (<anonymous>)
    at promisifiedQueryWrapper (C:\Users\pavan\Desktop\stuffs\Shoppy\server\node_server\database\queryInstance.js:5:10)
    at C:\Users\pavan\Desktop\stuffs\Shoppy\server\node_server\Api\Customer\Customer.api.js:33:31
    at processTicksAndRejections (internal/process/task_queues.js:97:5) {
  code: 'ER_PARSE_ERROR',
  errno: 1064,
  sqlMessage: `You have an error in your SQL syntax; check the manual that corresponds to your MySQL server version for the right syntax to use near 'SELECT Customer_ID FROM customer WHERE Email= "undefined"' at line 6`,
  sqlState: '42000',
  index: 0,
  sql: 'INSERT INTO customer\n' +
    '    (\n' +
    '    Fullname, Email\n' +
    '    )\n' +
    '    VALUES(\n' +
    '        "undefined","undefined"\n' +
    '    );\n' +
    '    SELECT Customer_ID FROM customer WHERE Email= "undefined";\n' +
    '    '
}
[2020-12-05T17:21:51.115] [ERROR] customer - Error: ER_PARSE_ERROR: You have an error in your SQL syntax; check the manual that corresponds to your MySQL server version for the right syntax to use near 'SELECT Customer_ID FROM customer WHERE Email= "undefined"' at line 6
    at Query.Sequence._packetToError (C:\Users\pavan\Desktop\stuffs\Shoppy\server\node_server\node_modules\mysql\lib\protocol\sequences\Sequence.js:47:14)
    at Query.ErrorPacket (C:\Users\pavan\Desktop\stuffs\Shoppy\server\node_server\node_modules\mysql\lib\protocol\sequences\Query.js:79:18)
    at Protocol._parsePacket (C:\Users\pavan\Desktop\stuffs\Shoppy\server\node_server\node_modules\mysql\lib\protocol\Protocol.js:291:23)
    at Parser._parsePacket (C:\Users\pavan\Desktop\stuffs\Shoppy\server\node_server\node_modules\mysql\lib\protocol\Parser.js:433:10)
    at Parser.write (C:\Users\pavan\Desktop\stuffs\Shoppy\server\node_server\node_modules\mysql\lib\protocol\Parser.js:43:10)
    at Protocol.write (C:\Users\pavan\Desktop\stuffs\Shoppy\server\node_server\node_modules\mysql\lib\protocol\Protocol.js:38:16)
    at Socket.<anonymous> (C:\Users\pavan\Desktop\stuffs\Shoppy\server\node_server\node_modules\mysql\lib\Connection.js:88:28)
    at Socket.<anonymous> (C:\Users\pavan\Desktop\stuffs\Shoppy\server\node_server\node_modules\mysql\lib\Connection.js:526:10)
    at Socket.emit (events.js:315:20)
    at addChunk (_stream_readable.js:295:12)
    --------------------
    at Protocol._enqueue (C:\Users\pavan\Desktop\stuffs\Shoppy\server\node_server\node_modules\mysql\lib\protocol\Protocol.js:144:48)
    at Connection.query (C:\Users\pavan\Desktop\stuffs\Shoppy\server\node_server\node_modules\mysql\lib\Connection.js:198:25)
    at C:\Users\pavan\Desktop\stuffs\Shoppy\server\node_server\database\queryInstance.js:6:21
    at new Promise (<anonymous>)
    at promisifiedQueryWrapper (C:\Users\pavan\Desktop\stuffs\Shoppy\server\node_server\database\queryInstance.js:5:10)
    at C:\Users\pavan\Desktop\stuffs\Shoppy\server\node_server\Api\Customer\Customer.api.js:33:31
    at processTicksAndRejections (internal/process/task_queues.js:97:5) {
  code: 'ER_PARSE_ERROR',
  errno: 1064,
  sqlMessage: `You have an error in your SQL syntax; check the manual that corresponds to your MySQL server version for the right syntax to use near 'SELECT Customer_ID FROM customer WHERE Email= "undefined"' at line 6`,
  sqlState: '42000',
  index: 0,
  sql: 'INSERT INTO customer\n' +
    '    (\n' +
    '    Fullname, Email\n' +
    '    )\n' +
    '    VALUES(\n' +
    '        "undefined","undefined"\n' +
    '    );\n' +
    '    SELECT Customer_ID FROM customer WHERE Email= "undefined";\n' +
    '    '
}
[2020-12-05T17:21:56.835] [ERROR] customer - Error: ER_PARSE_ERROR: You have an error in your SQL syntax; check the manual that corresponds to your MySQL server version for the right syntax to use near 'SELECT Customer_ID FROM customer WHERE Email= "undefined"' at line 6
    at Query.Sequence._packetToError (C:\Users\pavan\Desktop\stuffs\Shoppy\server\node_server\node_modules\mysql\lib\protocol\sequences\Sequence.js:47:14)
    at Query.ErrorPacket (C:\Users\pavan\Desktop\stuffs\Shoppy\server\node_server\node_modules\mysql\lib\protocol\sequences\Query.js:79:18)
    at Protocol._parsePacket (C:\Users\pavan\Desktop\stuffs\Shoppy\server\node_server\node_modules\mysql\lib\protocol\Protocol.js:291:23)
    at Parser._parsePacket (C:\Users\pavan\Desktop\stuffs\Shoppy\server\node_server\node_modules\mysql\lib\protocol\Parser.js:433:10)
    at Parser.write (C:\Users\pavan\Desktop\stuffs\Shoppy\server\node_server\node_modules\mysql\lib\protocol\Parser.js:43:10)
    at Protocol.write (C:\Users\pavan\Desktop\stuffs\Shoppy\server\node_server\node_modules\mysql\lib\protocol\Protocol.js:38:16)
    at Socket.<anonymous> (C:\Users\pavan\Desktop\stuffs\Shoppy\server\node_server\node_modules\mysql\lib\Connection.js:88:28)
    at Socket.<anonymous> (C:\Users\pavan\Desktop\stuffs\Shoppy\server\node_server\node_modules\mysql\lib\Connection.js:526:10)
    at Socket.emit (events.js:315:20)
    at addChunk (_stream_readable.js:295:12)
    --------------------
    at Protocol._enqueue (C:\Users\pavan\Desktop\stuffs\Shoppy\server\node_server\node_modules\mysql\lib\protocol\Protocol.js:144:48)
    at Connection.query (C:\Users\pavan\Desktop\stuffs\Shoppy\server\node_server\node_modules\mysql\lib\Connection.js:198:25)
    at C:\Users\pavan\Desktop\stuffs\Shoppy\server\node_server\database\queryInstance.js:6:21
    at new Promise (<anonymous>)
    at promisifiedQueryWrapper (C:\Users\pavan\Desktop\stuffs\Shoppy\server\node_server\database\queryInstance.js:5:10)
    at C:\Users\pavan\Desktop\stuffs\Shoppy\server\node_server\Api\Customer\Customer.api.js:33:31
    at processTicksAndRejections (internal/process/task_queues.js:97:5) {
  code: 'ER_PARSE_ERROR',
  errno: 1064,
  sqlMessage: `You have an error in your SQL syntax; check the manual that corresponds to your MySQL server version for the right syntax to use near 'SELECT Customer_ID FROM customer WHERE Email= "undefined"' at line 6`,
  sqlState: '42000',
  index: 0,
  sql: 'INSERT INTO customer\n' +
    '    (\n' +
    '    Fullname, Email\n' +
    '    )\n' +
    '    VALUES(\n' +
    '        "undefined","undefined"\n' +
    '    );\n' +
    '    SELECT Customer_ID FROM customer WHERE Email= "undefined";\n' +
    '    '
}
[2020-12-05T17:22:26.258] [ERROR] customer - Error: ER_PARSE_ERROR: You have an error in your SQL syntax; check the manual that corresponds to your MySQL server version for the right syntax to use near 'SELECT Customer_ID FROM customer WHERE Email= "undefined"' at line 6
    at Query.Sequence._packetToError (C:\Users\pavan\Desktop\stuffs\Shoppy\server\node_server\node_modules\mysql\lib\protocol\sequences\Sequence.js:47:14)
    at Query.ErrorPacket (C:\Users\pavan\Desktop\stuffs\Shoppy\server\node_server\node_modules\mysql\lib\protocol\sequences\Query.js:79:18)
    at Protocol._parsePacket (C:\Users\pavan\Desktop\stuffs\Shoppy\server\node_server\node_modules\mysql\lib\protocol\Protocol.js:291:23)
    at Parser._parsePacket (C:\Users\pavan\Desktop\stuffs\Shoppy\server\node_server\node_modules\mysql\lib\protocol\Parser.js:433:10)
    at Parser.write (C:\Users\pavan\Desktop\stuffs\Shoppy\server\node_server\node_modules\mysql\lib\protocol\Parser.js:43:10)
    at Protocol.write (C:\Users\pavan\Desktop\stuffs\Shoppy\server\node_server\node_modules\mysql\lib\protocol\Protocol.js:38:16)
    at Socket.<anonymous> (C:\Users\pavan\Desktop\stuffs\Shoppy\server\node_server\node_modules\mysql\lib\Connection.js:88:28)
    at Socket.<anonymous> (C:\Users\pavan\Desktop\stuffs\Shoppy\server\node_server\node_modules\mysql\lib\Connection.js:526:10)
    at Socket.emit (events.js:315:20)
    at addChunk (_stream_readable.js:295:12)
    --------------------
    at Protocol._enqueue (C:\Users\pavan\Desktop\stuffs\Shoppy\server\node_server\node_modules\mysql\lib\protocol\Protocol.js:144:48)
    at Connection.query (C:\Users\pavan\Desktop\stuffs\Shoppy\server\node_server\node_modules\mysql\lib\Connection.js:198:25)
    at C:\Users\pavan\Desktop\stuffs\Shoppy\server\node_server\database\queryInstance.js:6:21
    at new Promise (<anonymous>)
    at promisifiedQueryWrapper (C:\Users\pavan\Desktop\stuffs\Shoppy\server\node_server\database\queryInstance.js:5:10)
    at C:\Users\pavan\Desktop\stuffs\Shoppy\server\node_server\Api\Customer\Customer.api.js:33:31
    at processTicksAndRejections (internal/process/task_queues.js:97:5) {
  code: 'ER_PARSE_ERROR',
  errno: 1064,
  sqlMessage: `You have an error in your SQL syntax; check the manual that corresponds to your MySQL server version for the right syntax to use near 'SELECT Customer_ID FROM customer WHERE Email= "undefined"' at line 6`,
  sqlState: '42000',
  index: 0,
  sql: 'INSERT INTO customer\n' +
    '    (\n' +
    '    Fullname, Email\n' +
    '    )\n' +
    '    VALUES(\n' +
    '        "undefined","undefined"\n' +
    '    );\n' +
    '    SELECT Customer_ID FROM customer WHERE Email= "undefined";\n' +
    '    '
}
[2020-12-05T17:23:12.534] [ERROR] customer - Error: ER_PARSE_ERROR: You have an error in your SQL syntax; check the manual that corresponds to your MySQL server version for the right syntax to use near 'SELECT Customer_ID FROM customer WHERE Email= "kppavu@gmail.com"' at line 6
    at Query.Sequence._packetToError (C:\Users\pavan\Desktop\stuffs\Shoppy\server\node_server\node_modules\mysql\lib\protocol\sequences\Sequence.js:47:14)
    at Query.ErrorPacket (C:\Users\pavan\Desktop\stuffs\Shoppy\server\node_server\node_modules\mysql\lib\protocol\sequences\Query.js:79:18)
    at Protocol._parsePacket (C:\Users\pavan\Desktop\stuffs\Shoppy\server\node_server\node_modules\mysql\lib\protocol\Protocol.js:291:23)
    at Parser._parsePacket (C:\Users\pavan\Desktop\stuffs\Shoppy\server\node_server\node_modules\mysql\lib\protocol\Parser.js:433:10)
    at Parser.write (C:\Users\pavan\Desktop\stuffs\Shoppy\server\node_server\node_modules\mysql\lib\protocol\Parser.js:43:10)
    at Protocol.write (C:\Users\pavan\Desktop\stuffs\Shoppy\server\node_server\node_modules\mysql\lib\protocol\Protocol.js:38:16)
    at Socket.<anonymous> (C:\Users\pavan\Desktop\stuffs\Shoppy\server\node_server\node_modules\mysql\lib\Connection.js:88:28)
    at Socket.<anonymous> (C:\Users\pavan\Desktop\stuffs\Shoppy\server\node_server\node_modules\mysql\lib\Connection.js:526:10)
    at Socket.emit (events.js:315:20)
    at addChunk (_stream_readable.js:295:12)
    --------------------
    at Protocol._enqueue (C:\Users\pavan\Desktop\stuffs\Shoppy\server\node_server\node_modules\mysql\lib\protocol\Protocol.js:144:48)
    at Connection.query (C:\Users\pavan\Desktop\stuffs\Shoppy\server\node_server\node_modules\mysql\lib\Connection.js:198:25)
    at C:\Users\pavan\Desktop\stuffs\Shoppy\server\node_server\database\queryInstance.js:6:21
    at new Promise (<anonymous>)
    at promisifiedQueryWrapper (C:\Users\pavan\Desktop\stuffs\Shoppy\server\node_server\database\queryInstance.js:5:10)
    at C:\Users\pavan\Desktop\stuffs\Shoppy\server\node_server\Api\Customer\Customer.api.js:33:31
    at processTicksAndRejections (internal/process/task_queues.js:97:5) {
  code: 'ER_PARSE_ERROR',
  errno: 1064,
  sqlMessage: `You have an error in your SQL syntax; check the manual that corresponds to your MySQL server version for the right syntax to use near 'SELECT Customer_ID FROM customer WHERE Email= "kppavu@gmail.com"' at line 6`,
  sqlState: '42000',
  index: 0,
  sql: 'INSERT INTO customer\n' +
    '    (\n' +
    '    Fullname, Email\n' +
    '    )\n' +
    '    VALUES(\n' +
    '        "kppavu","kppavu@gmail.com"\n' +
    '    );\n' +
    '    SELECT Customer_ID FROM customer WHERE Email= "kppavu@gmail.com";\n' +
    '    '
}
[2020-12-05T17:23:59.890] [ERROR] customer - Error: ER_PARSE_ERROR: You have an error in your SQL syntax; check the manual that corresponds to your MySQL server version for the right syntax to use near 'SELECT Customer_ID FROM customer WHERE Email= "kppavu@gmail.com"' at line 6
    at Query.Sequence._packetToError (C:\Users\pavan\Desktop\stuffs\Shoppy\server\node_server\node_modules\mysql\lib\protocol\sequences\Sequence.js:47:14)
    at Query.ErrorPacket (C:\Users\pavan\Desktop\stuffs\Shoppy\server\node_server\node_modules\mysql\lib\protocol\sequences\Query.js:79:18)
    at Protocol._parsePacket (C:\Users\pavan\Desktop\stuffs\Shoppy\server\node_server\node_modules\mysql\lib\protocol\Protocol.js:291:23)
    at Parser._parsePacket (C:\Users\pavan\Desktop\stuffs\Shoppy\server\node_server\node_modules\mysql\lib\protocol\Parser.js:433:10)
    at Parser.write (C:\Users\pavan\Desktop\stuffs\Shoppy\server\node_server\node_modules\mysql\lib\protocol\Parser.js:43:10)
    at Protocol.write (C:\Users\pavan\Desktop\stuffs\Shoppy\server\node_server\node_modules\mysql\lib\protocol\Protocol.js:38:16)
    at Socket.<anonymous> (C:\Users\pavan\Desktop\stuffs\Shoppy\server\node_server\node_modules\mysql\lib\Connection.js:88:28)
    at Socket.<anonymous> (C:\Users\pavan\Desktop\stuffs\Shoppy\server\node_server\node_modules\mysql\lib\Connection.js:526:10)
    at Socket.emit (events.js:315:20)
    at addChunk (_stream_readable.js:295:12)
    --------------------
    at Protocol._enqueue (C:\Users\pavan\Desktop\stuffs\Shoppy\server\node_server\node_modules\mysql\lib\protocol\Protocol.js:144:48)
    at Connection.query (C:\Users\pavan\Desktop\stuffs\Shoppy\server\node_server\node_modules\mysql\lib\Connection.js:198:25)
    at C:\Users\pavan\Desktop\stuffs\Shoppy\server\node_server\database\queryInstance.js:6:21
    at new Promise (<anonymous>)
    at promisifiedQueryWrapper (C:\Users\pavan\Desktop\stuffs\Shoppy\server\node_server\database\queryInstance.js:5:10)
    at C:\Users\pavan\Desktop\stuffs\Shoppy\server\node_server\Api\Customer\Customer.api.js:33:31
    at processTicksAndRejections (internal/process/task_queues.js:97:5) {
  code: 'ER_PARSE_ERROR',
  errno: 1064,
  sqlMessage: `You have an error in your SQL syntax; check the manual that corresponds to your MySQL server version for the right syntax to use near 'SELECT Customer_ID FROM customer WHERE Email= "kppavu@gmail.com"' at line 6`,
  sqlState: '42000',
  index: 0,
  sql: 'INSERT INTO customer\n' +
    '    (\n' +
    '    Fullname, Email\n' +
    '    )\n' +
    '    VALUES(\n' +
    '        "kppavu","kppavu@gmail.com"\n' +
    '    );\n' +
    '    SELECT Customer_ID FROM customer WHERE Email= "kppavu@gmail.com";\n' +
    '    '
}
[2020-12-05T17:24:28.759] [ERROR] customer - Error: ER_PARSE_ERROR: You have an error in your SQL syntax; check the manual that corresponds to your MySQL server version for the right syntax to use near 'SELECT Customer_ID FROM customer WHERE Email= "kppavu@gmail.com"' at line 6
    at Query.Sequence._packetToError (C:\Users\pavan\Desktop\stuffs\Shoppy\server\node_server\node_modules\mysql\lib\protocol\sequences\Sequence.js:47:14)
    at Query.ErrorPacket (C:\Users\pavan\Desktop\stuffs\Shoppy\server\node_server\node_modules\mysql\lib\protocol\sequences\Query.js:79:18)
    at Protocol._parsePacket (C:\Users\pavan\Desktop\stuffs\Shoppy\server\node_server\node_modules\mysql\lib\protocol\Protocol.js:291:23)
    at Parser._parsePacket (C:\Users\pavan\Desktop\stuffs\Shoppy\server\node_server\node_modules\mysql\lib\protocol\Parser.js:433:10)
    at Parser.write (C:\Users\pavan\Desktop\stuffs\Shoppy\server\node_server\node_modules\mysql\lib\protocol\Parser.js:43:10)
    at Protocol.write (C:\Users\pavan\Desktop\stuffs\Shoppy\server\node_server\node_modules\mysql\lib\protocol\Protocol.js:38:16)
    at Socket.<anonymous> (C:\Users\pavan\Desktop\stuffs\Shoppy\server\node_server\node_modules\mysql\lib\Connection.js:88:28)
    at Socket.<anonymous> (C:\Users\pavan\Desktop\stuffs\Shoppy\server\node_server\node_modules\mysql\lib\Connection.js:526:10)
    at Socket.emit (events.js:315:20)
    at addChunk (_stream_readable.js:295:12)
    --------------------
    at Protocol._enqueue (C:\Users\pavan\Desktop\stuffs\Shoppy\server\node_server\node_modules\mysql\lib\protocol\Protocol.js:144:48)
    at Connection.query (C:\Users\pavan\Desktop\stuffs\Shoppy\server\node_server\node_modules\mysql\lib\Connection.js:198:25)
    at C:\Users\pavan\Desktop\stuffs\Shoppy\server\node_server\database\queryInstance.js:6:21
    at new Promise (<anonymous>)
    at promisifiedQueryWrapper (C:\Users\pavan\Desktop\stuffs\Shoppy\server\node_server\database\queryInstance.js:5:10)
    at C:\Users\pavan\Desktop\stuffs\Shoppy\server\node_server\Api\Customer\Customer.api.js:33:31
    at processTicksAndRejections (internal/process/task_queues.js:97:5) {
  code: 'ER_PARSE_ERROR',
  errno: 1064,
  sqlMessage: `You have an error in your SQL syntax; check the manual that corresponds to your MySQL server version for the right syntax to use near 'SELECT Customer_ID FROM customer WHERE Email= "kppavu@gmail.com"' at line 6`,
  sqlState: '42000',
  index: 0,
  sql: 'INSERT INTO customer\n' +
    '    (\n' +
    '    Fullname, Email\n' +
    '    )\n' +
    '    VALUES(\n' +
    '        "kppavu","kppavu@gmail.com"\n' +
    '    );\n' +
    '    SELECT Customer_ID FROM customer WHERE Email= "kppavu@gmail.com";\n' +
    '    '
}
[2020-12-05T17:24:42.443] [ERROR] customer - Error: ER_PARSE_ERROR: You have an error in your SQL syntax; check the manual that corresponds to your MySQL server version for the right syntax to use near 'SELECT Customer_ID FROM customer WHERE Email= "kppavu@gmail.com"' at line 6
    at Query.Sequence._packetToError (C:\Users\pavan\Desktop\stuffs\Shoppy\server\node_server\node_modules\mysql\lib\protocol\sequences\Sequence.js:47:14)
    at Query.ErrorPacket (C:\Users\pavan\Desktop\stuffs\Shoppy\server\node_server\node_modules\mysql\lib\protocol\sequences\Query.js:79:18)
    at Protocol._parsePacket (C:\Users\pavan\Desktop\stuffs\Shoppy\server\node_server\node_modules\mysql\lib\protocol\Protocol.js:291:23)
    at Parser._parsePacket (C:\Users\pavan\Desktop\stuffs\Shoppy\server\node_server\node_modules\mysql\lib\protocol\Parser.js:433:10)
    at Parser.write (C:\Users\pavan\Desktop\stuffs\Shoppy\server\node_server\node_modules\mysql\lib\protocol\Parser.js:43:10)
    at Protocol.write (C:\Users\pavan\Desktop\stuffs\Shoppy\server\node_server\node_modules\mysql\lib\protocol\Protocol.js:38:16)
    at Socket.<anonymous> (C:\Users\pavan\Desktop\stuffs\Shoppy\server\node_server\node_modules\mysql\lib\Connection.js:88:28)
    at Socket.<anonymous> (C:\Users\pavan\Desktop\stuffs\Shoppy\server\node_server\node_modules\mysql\lib\Connection.js:526:10)
    at Socket.emit (events.js:315:20)
    at addChunk (_stream_readable.js:295:12)
    --------------------
    at Protocol._enqueue (C:\Users\pavan\Desktop\stuffs\Shoppy\server\node_server\node_modules\mysql\lib\protocol\Protocol.js:144:48)
    at Connection.query (C:\Users\pavan\Desktop\stuffs\Shoppy\server\node_server\node_modules\mysql\lib\Connection.js:198:25)
    at C:\Users\pavan\Desktop\stuffs\Shoppy\server\node_server\database\queryInstance.js:6:21
    at new Promise (<anonymous>)
    at promisifiedQueryWrapper (C:\Users\pavan\Desktop\stuffs\Shoppy\server\node_server\database\queryInstance.js:5:10)
    at C:\Users\pavan\Desktop\stuffs\Shoppy\server\node_server\Api\Customer\Customer.api.js:33:31
    at processTicksAndRejections (internal/process/task_queues.js:97:5) {
  code: 'ER_PARSE_ERROR',
  errno: 1064,
  sqlMessage: `You have an error in your SQL syntax; check the manual that corresponds to your MySQL server version for the right syntax to use near 'SELECT Customer_ID FROM customer WHERE Email= "kppavu@gmail.com"' at line 6`,
  sqlState: '42000',
  index: 0,
  sql: 'INSERT INTO customer\n' +
    '    (\n' +
    '    Fullname, Email\n' +
    '    )\n' +
    '    VALUES(\n' +
    '        "kppavu","kppavu@gmail.com"\n' +
    '    );\n' +
    '    SELECT Customer_ID FROM customer WHERE Email= "kppavu@gmail.com";\n' +
    '    '
}
[2020-12-05T17:24:54.318] [ERROR] customer - Error: ER_PARSE_ERROR: You have an error in your SQL syntax; check the manual that corresponds to your MySQL server version for the right syntax to use near 'SELECT Customer_ID FROM customer WHERE Email= "kppavu@gmail.com"' at line 6
    at Query.Sequence._packetToError (C:\Users\pavan\Desktop\stuffs\Shoppy\server\node_server\node_modules\mysql\lib\protocol\sequences\Sequence.js:47:14)
    at Query.ErrorPacket (C:\Users\pavan\Desktop\stuffs\Shoppy\server\node_server\node_modules\mysql\lib\protocol\sequences\Query.js:79:18)
    at Protocol._parsePacket (C:\Users\pavan\Desktop\stuffs\Shoppy\server\node_server\node_modules\mysql\lib\protocol\Protocol.js:291:23)
    at Parser._parsePacket (C:\Users\pavan\Desktop\stuffs\Shoppy\server\node_server\node_modules\mysql\lib\protocol\Parser.js:433:10)
    at Parser.write (C:\Users\pavan\Desktop\stuffs\Shoppy\server\node_server\node_modules\mysql\lib\protocol\Parser.js:43:10)
    at Protocol.write (C:\Users\pavan\Desktop\stuffs\Shoppy\server\node_server\node_modules\mysql\lib\protocol\Protocol.js:38:16)
    at Socket.<anonymous> (C:\Users\pavan\Desktop\stuffs\Shoppy\server\node_server\node_modules\mysql\lib\Connection.js:88:28)
    at Socket.<anonymous> (C:\Users\pavan\Desktop\stuffs\Shoppy\server\node_server\node_modules\mysql\lib\Connection.js:526:10)
    at Socket.emit (events.js:315:20)
    at addChunk (_stream_readable.js:295:12)
    --------------------
    at Protocol._enqueue (C:\Users\pavan\Desktop\stuffs\Shoppy\server\node_server\node_modules\mysql\lib\protocol\Protocol.js:144:48)
    at Connection.query (C:\Users\pavan\Desktop\stuffs\Shoppy\server\node_server\node_modules\mysql\lib\Connection.js:198:25)
    at C:\Users\pavan\Desktop\stuffs\Shoppy\server\node_server\database\queryInstance.js:6:21
    at new Promise (<anonymous>)
    at promisifiedQueryWrapper (C:\Users\pavan\Desktop\stuffs\Shoppy\server\node_server\database\queryInstance.js:5:10)
    at C:\Users\pavan\Desktop\stuffs\Shoppy\server\node_server\Api\Customer\Customer.api.js:33:31
    at processTicksAndRejections (internal/process/task_queues.js:97:5) {
  code: 'ER_PARSE_ERROR',
  errno: 1064,
  sqlMessage: `You have an error in your SQL syntax; check the manual that corresponds to your MySQL server version for the right syntax to use near 'SELECT Customer_ID FROM customer WHERE Email= "kppavu@gmail.com"' at line 6`,
  sqlState: '42000',
  index: 0,
  sql: 'INSERT INTO customer\n' +
    '    (\n' +
    '    Fullname, Email\n' +
    '    )\n' +
    '    VALUES(\n' +
    '        "kppavu","kppavu@gmail.com"\n' +
    '    );\n' +
    '    SELECT Customer_ID FROM customer WHERE Email= "kppavu@gmail.com";\n' +
    '    '
}
[2020-12-05T17:26:06.237] [ERROR] customer - Error: ER_PARSE_ERROR: You have an error in your SQL syntax; check the manual that corresponds to your MySQL server version for the right syntax to use near 'SELECT Customer_ID FROM customer WHERE Email= "kppavu@gmail.com"' at line 6
    at Query.Sequence._packetToError (C:\Users\pavan\Desktop\stuffs\Shoppy\server\node_server\node_modules\mysql\lib\protocol\sequences\Sequence.js:47:14)
    at Query.ErrorPacket (C:\Users\pavan\Desktop\stuffs\Shoppy\server\node_server\node_modules\mysql\lib\protocol\sequences\Query.js:79:18)
    at Protocol._parsePacket (C:\Users\pavan\Desktop\stuffs\Shoppy\server\node_server\node_modules\mysql\lib\protocol\Protocol.js:291:23)
    at Parser._parsePacket (C:\Users\pavan\Desktop\stuffs\Shoppy\server\node_server\node_modules\mysql\lib\protocol\Parser.js:433:10)
    at Parser.write (C:\Users\pavan\Desktop\stuffs\Shoppy\server\node_server\node_modules\mysql\lib\protocol\Parser.js:43:10)
    at Protocol.write (C:\Users\pavan\Desktop\stuffs\Shoppy\server\node_server\node_modules\mysql\lib\protocol\Protocol.js:38:16)
    at Socket.<anonymous> (C:\Users\pavan\Desktop\stuffs\Shoppy\server\node_server\node_modules\mysql\lib\Connection.js:88:28)
    at Socket.<anonymous> (C:\Users\pavan\Desktop\stuffs\Shoppy\server\node_server\node_modules\mysql\lib\Connection.js:526:10)
    at Socket.emit (events.js:315:20)
    at addChunk (_stream_readable.js:295:12)
    --------------------
    at Protocol._enqueue (C:\Users\pavan\Desktop\stuffs\Shoppy\server\node_server\node_modules\mysql\lib\protocol\Protocol.js:144:48)
    at Connection.query (C:\Users\pavan\Desktop\stuffs\Shoppy\server\node_server\node_modules\mysql\lib\Connection.js:198:25)
    at C:\Users\pavan\Desktop\stuffs\Shoppy\server\node_server\database\queryInstance.js:6:21
    at new Promise (<anonymous>)
    at promisifiedQueryWrapper (C:\Users\pavan\Desktop\stuffs\Shoppy\server\node_server\database\queryInstance.js:5:10)
    at C:\Users\pavan\Desktop\stuffs\Shoppy\server\node_server\Api\Customer\Customer.api.js:41:31
    at processTicksAndRejections (internal/process/task_queues.js:97:5) {
  code: 'ER_PARSE_ERROR',
  errno: 1064,
  sqlMessage: `You have an error in your SQL syntax; check the manual that corresponds to your MySQL server version for the right syntax to use near 'SELECT Customer_ID FROM customer WHERE Email= "kppavu@gmail.com"' at line 6`,
  sqlState: '42000',
  index: 0,
  sql: 'INSERT INTO customer\n' +
    '    (\n' +
    '    Fullname, Email\n' +
    '    )\n' +
    '    VALUES(\n' +
    '        "kppavu","kppavu@gmail.com"\n' +
    '    );\n' +
    '    SELECT Customer_ID FROM customer WHERE Email= "kppavu@gmail.com";\n' +
    '    '
}
[2020-12-05T17:28:13.080] [ERROR] customer - Error: ER_PARSE_ERROR: You have an error in your SQL syntax; check the manual that corresponds to your MySQL server version for the right syntax to use near 'SELECT Customer_ID FROM customer WHERE Email= "kppavu@gmail.com"' at line 6
    at Query.Sequence._packetToError (C:\Users\pavan\Desktop\stuffs\Shoppy\server\node_server\node_modules\mysql\lib\protocol\sequences\Sequence.js:47:14)
    at Query.ErrorPacket (C:\Users\pavan\Desktop\stuffs\Shoppy\server\node_server\node_modules\mysql\lib\protocol\sequences\Query.js:79:18)
    at Protocol._parsePacket (C:\Users\pavan\Desktop\stuffs\Shoppy\server\node_server\node_modules\mysql\lib\protocol\Protocol.js:291:23)
    at Parser._parsePacket (C:\Users\pavan\Desktop\stuffs\Shoppy\server\node_server\node_modules\mysql\lib\protocol\Parser.js:433:10)
    at Parser.write (C:\Users\pavan\Desktop\stuffs\Shoppy\server\node_server\node_modules\mysql\lib\protocol\Parser.js:43:10)
    at Protocol.write (C:\Users\pavan\Desktop\stuffs\Shoppy\server\node_server\node_modules\mysql\lib\protocol\Protocol.js:38:16)
    at Socket.<anonymous> (C:\Users\pavan\Desktop\stuffs\Shoppy\server\node_server\node_modules\mysql\lib\Connection.js:88:28)
    at Socket.<anonymous> (C:\Users\pavan\Desktop\stuffs\Shoppy\server\node_server\node_modules\mysql\lib\Connection.js:526:10)
    at Socket.emit (events.js:315:20)
    at addChunk (_stream_readable.js:295:12)
    --------------------
    at Protocol._enqueue (C:\Users\pavan\Desktop\stuffs\Shoppy\server\node_server\node_modules\mysql\lib\protocol\Protocol.js:144:48)
    at Connection.query (C:\Users\pavan\Desktop\stuffs\Shoppy\server\node_server\node_modules\mysql\lib\Connection.js:198:25)
    at C:\Users\pavan\Desktop\stuffs\Shoppy\server\node_server\database\queryInstance.js:6:21
    at new Promise (<anonymous>)
    at promisifiedQueryWrapper (C:\Users\pavan\Desktop\stuffs\Shoppy\server\node_server\database\queryInstance.js:5:10)
    at C:\Users\pavan\Desktop\stuffs\Shoppy\server\node_server\Api\Customer\Customer.api.js:33:31
    at processTicksAndRejections (internal/process/task_queues.js:97:5) {
  code: 'ER_PARSE_ERROR',
  errno: 1064,
  sqlMessage: `You have an error in your SQL syntax; check the manual that corresponds to your MySQL server version for the right syntax to use near 'SELECT Customer_ID FROM customer WHERE Email= "kppavu@gmail.com"' at line 6`,
  sqlState: '42000',
  index: 0,
  sql: 'INSERT INTO customer\n' +
    '    (\n' +
    '    Fullname, Email\n' +
    '    )\n' +
    '    VALUES(\n' +
    '        "kppavu","kppavu@gmail.com"\n' +
    '    );\n' +
    '    SELECT Customer_ID FROM customer WHERE Email= "kppavu@gmail.com";\n' +
    '    '
}
[2020-12-08T12:28:06.164] [ERROR] customer - Error: ER_PARSE_ERROR: You have an error in your SQL syntax; check the manual that corresponds to your MySQL server version for the right syntax to use near '://s.gravatar.com/avatar/a14c7bddd7edb6202482615f3db7a028?s=480&r=pg&d=https%3A%' at line 4
    at Query.Sequence._packetToError (C:\Users\pavan\Desktop\stuffs\Shoppy\server\node_server\node_modules\mysql\lib\protocol\sequences\Sequence.js:47:14)
    at Query.ErrorPacket (C:\Users\pavan\Desktop\stuffs\Shoppy\server\node_server\node_modules\mysql\lib\protocol\sequences\Query.js:79:18)
    at Protocol._parsePacket (C:\Users\pavan\Desktop\stuffs\Shoppy\server\node_server\node_modules\mysql\lib\protocol\Protocol.js:291:23)
    at Parser._parsePacket (C:\Users\pavan\Desktop\stuffs\Shoppy\server\node_server\node_modules\mysql\lib\protocol\Parser.js:433:10)
    at Parser.write (C:\Users\pavan\Desktop\stuffs\Shoppy\server\node_server\node_modules\mysql\lib\protocol\Parser.js:43:10)
    at Protocol.write (C:\Users\pavan\Desktop\stuffs\Shoppy\server\node_server\node_modules\mysql\lib\protocol\Protocol.js:38:16)
    at Socket.<anonymous> (C:\Users\pavan\Desktop\stuffs\Shoppy\server\node_server\node_modules\mysql\lib\Connection.js:88:28)
    at Socket.<anonymous> (C:\Users\pavan\Desktop\stuffs\Shoppy\server\node_server\node_modules\mysql\lib\Connection.js:526:10)
    at Socket.emit (events.js:315:20)
    at addChunk (_stream_readable.js:295:12)
    --------------------
    at Protocol._enqueue (C:\Users\pavan\Desktop\stuffs\Shoppy\server\node_server\node_modules\mysql\lib\protocol\Protocol.js:144:48)
    at Connection.query (C:\Users\pavan\Desktop\stuffs\Shoppy\server\node_server\node_modules\mysql\lib\Connection.js:198:25)
    at C:\Users\pavan\Desktop\stuffs\Shoppy\server\node_server\database\queryInstance.js:6:21
    at new Promise (<anonymous>)
    at promisifiedQueryWrapper (C:\Users\pavan\Desktop\stuffs\Shoppy\server\node_server\database\queryInstance.js:5:10)
    at C:\Users\pavan\Desktop\stuffs\Shoppy\server\node_server\Api\Customer\Customer.api.js:33:31
    at processTicksAndRejections (internal/process/task_queues.js:97:5) {
  code: 'ER_PARSE_ERROR',
  errno: 1064,
  sqlMessage: "You have an error in your SQL syntax; check the manual that corresponds to your MySQL server version for the right syntax to use near '://s.gravatar.com/avatar/a14c7bddd7edb6202482615f3db7a028?s=480&r=pg&d=https%3A%' at line 4",
  sqlState: '42000',
  index: 0,
  sql: 'INSERT INTO customer\n' +
    '    (\n' +
    '    Fullname, Email,profilepic\n' +
    '    )\n' +
    '    VALUES(\n' +
    '        "pavankumarkpkp","pavankumarkpkp@gmail.com", https://s.gravatar.com/avatar/a14c7bddd7edb6202482615f3db7a028?s=480&r=pg&d=https%3A%2F%2Fcdn.auth0.com%2Favatars%2Fpa.png\n' +
    '    );\n' +
    '    '
}
